#
# There is insufficient memory for the Java Runtime Environment to continue.
# Native memory allocation (mmap) failed to map 264241152 bytes. Error detail: G1 virtual space
# Possible reasons:
#   The system is out of physical RAM or swap space
#   This process is running with CompressedOops enabled, and the Java Heap may be blocking the growth of the native heap
# Possible solutions:
#   Reduce memory load on the system
#   Increase physical memory or swap space
#   Check if swap backing store is full
#   Decrease Java heap size (-Xmx/-Xms)
#   Decrease number of Java threads
#   Decrease Java thread stack sizes (-Xss)
#   Set larger code cache with -XX:ReservedCodeCacheSize=
#   JVM is running with Zero Based Compressed Oops mode in which the Java heap is
#     placed in the first 32GB address space. The Java Heap base address is the
#     maximum limit for the native heap growth. Please use -XX:HeapBaseMinAddress
#     to set the Java Heap base and to place the Java Heap above 32GB virtual address.
# This output file may be truncated or incomplete.
#
#  Out of Memory Error (os_windows.cpp:3815), pid=37164, tid=45116
#
# JRE version:  (21.0.3) (build )
# Java VM: OpenJDK 64-Bit Server VM (21.0.3+-12282718-b509.11, mixed mode, sharing, tiered, compressed oops, compressed class ptrs, g1 gc, windows-amd64)
# No core dump will be written. Minidumps are not enabled by default on client versions of Windows
#

---------------  S U M M A R Y ------------

Command Line: git4idea.http.GitAskPassApp Username for 'https://github.com': 

Host: 12th Gen Intel(R) Core(TM) i5-12500H, 16 cores, 15G,  Windows 11 , 64 bit Build 22621 (10.0.22621.3958)
Time: Tue Oct 22 19:43:38 2024  Windows 11 , 64 bit Build 22621 (10.0.22621.3958) elapsed time: 0.017471 seconds (0d 0h 0m 0s)

---------------  T H R E A D  ---------------

Current thread (0x00000173c63e7390):  JavaThread "Unknown thread" [_thread_in_vm, id=45116, stack(0x00000009d1b00000,0x00000009d1c00000) (1024K)]

Stack: [0x00000009d1b00000,0x00000009d1c00000]
Native frames: (J=compiled Java code, j=interpreted, Vv=VM code, C=native code)
V  [jvm.dll+0x6cafb9]
V  [jvm.dll+0x858523]
V  [jvm.dll+0x85aa7e]
V  [jvm.dll+0x85b163]
V  [jvm.dll+0x27d356]
V  [jvm.dll+0x6c7865]
V  [jvm.dll+0x6bbd3a]
V  [jvm.dll+0x35199b]
V  [jvm.dll+0x3595d6]
V  [jvm.dll+0x3aa826]
V  [jvm.dll+0x3aaaf8]
V  [jvm.dll+0x3240bc]
V  [jvm.dll+0x324dab]
V  [jvm.dll+0x81fd89]
V  [jvm.dll+0x3b7c08]
V  [jvm.dll+0x80921d]
V  [jvm.dll+0x44c05e]
V  [jvm.dll+0x44d6b1]
C  [jli.dll+0x52ab]
C  [ucrtbase.dll+0x29333]
C  [KERNEL32.DLL+0x1257d]
C  [ntdll.dll+0x5af08]


---------------  P R O C E S S  ---------------

Threads class SMR info:
_java_thread_list=0x00007ff884b457c8, length=0, elements={
}

Java Threads: ( => current thread )
Total: 0

Other Threads:
  0x00000173c644bbe0 WorkerThread "GC Thread#0"                     [id=40244, stack(0x00000009d1c00000,0x00000009d1d00000) (1024K)]
  0x00000173c645c720 ConcurrentGCThread "G1 Main Marker"            [id=57436, stack(0x00000009d1d00000,0x00000009d1e00000) (1024K)]
  0x00000173c645d8d0 WorkerThread "G1 Conc#0"                       [id=19188, stack(0x00000009d1e00000,0x00000009d1f00000) (1024K)]

[error occurred during error reporting (printing all threads), id 0xc0000005, EXCEPTION_ACCESS_VIOLATION (0xc0000005) at pc=0x00007ff884347197]
VM state: not at safepoint (not fully initialized)

VM Mutex/Monitor currently owned by a thread:  ([mutex/lock_event])
[0x00007ff884bb21c8] Heap_lock - owner thread: 0x00000173c63e7390

Heap address: 0x0000000705e00000, size: 4002 MB, Compressed Oops mode: Zero based, Oop shift amount: 3

CDS archive(s) mapped at: [0x0000000000000000-0x0000000000000000-0x0000000000000000), size 0, SharedBaseAddress: 0x0000000800000000, ArchiveRelocationMode: 1.
Narrow klass base: 0x0000000000000000, Narrow klass shift: 0, Narrow klass range: 0x0

GC Precious Log:
 CardTable entry size: 512
 Card Set container configuration: InlinePtr #cards 4 size 8 Array Of Cards #cards 16 size 48 Howl #buckets 8 coarsen threshold 3686 Howl Bitmap #cards 512 size 80 coarsen threshold 460 Card regions per heap region 1 cards per card region 4096

Heap:
 garbage-first heap   total 0K, used 0K [0x0000000705e00000, 0x0000000800000000)
  region size 2048K, 0 young (0K), 0 survivors (0K)
 Metaspace       used 0K, committed 0K, reserved 0K
  class space    used 0K, committed 0K, reserved 0K

Heap Regions: E=young(eden), S=young(survivor), O=old, HS=humongous(starts), HC=humongous(continues), CS=collection set, F=free, TAMS=top-at-mark-start, PB=parsable bottom

Card table byte_map: [0x00000173d9570000,0x00000173d9d50000] _byte_map_base: 0x00000173d5d41000

Marking Bits: (CMBitMap*) 0x00000173c644c1f0
 Bits: [0x00000173d9d50000, 0x00000173ddbd8000)

GC Heap History (0 events):
No events

Dll operation events (1 events):
Event: 0.011 Loaded shared library C:\Program Files\Android\Android Studio\jbr\bin\java.dll

Deoptimization events (0 events):
No events

Classes loaded (0 events):
No events

Classes unloaded (0 events):
No events

Classes redefined (0 events):
No events

Internal exceptions (0 events):
No events

ZGC Phase Switch (0 events):
No events

VM Operations (0 events):
No events

Events (0 events):
No events


Dynamic libraries:
0x00007ff633dc0000 - 0x00007ff633dca000 	C:\Program Files\Android\Android Studio\jbr\bin\java.exe
0x00007ff8e1610000 - 0x00007ff8e1827000 	C:\WINDOWS\SYSTEM32\ntdll.dll
0x00007ff8cea40000 - 0x00007ff8cea5a000 	C:\Program Files\Avast Software\Avast\aswhook.dll
0x00007ff8e0830000 - 0x00007ff8e08f4000 	C:\WINDOWS\System32\KERNEL32.DLL
0x00007ff8def80000 - 0x00007ff8df337000 	C:\WINDOWS\System32\KERNELBASE.dll
0x00007ff8da080000 - 0x00007ff8da117000 	C:\WINDOWS\SYSTEM32\apphelp.dll
0x00007ff8decc0000 - 0x00007ff8dedd1000 	C:\WINDOWS\System32\ucrtbase.dll
0x00007ff8d78e0000 - 0x00007ff8d78f8000 	C:\Program Files\Android\Android Studio\jbr\bin\jli.dll
0x00007ff8df4e0000 - 0x00007ff8df68f000 	C:\WINDOWS\System32\USER32.dll
0x00007ff8dede0000 - 0x00007ff8dee06000 	C:\WINDOWS\System32\win32u.dll
0x00007ff8cbe80000 - 0x00007ff8cc113000 	C:\WINDOWS\WinSxS\amd64_microsoft.windows.common-controls_6595b64144ccf1df_6.0.22621.3672_none_2713b9d173822955\COMCTL32.dll
0x00007ff8df340000 - 0x00007ff8df369000 	C:\WINDOWS\System32\GDI32.dll
0x00007ff8e0980000 - 0x00007ff8e0a27000 	C:\WINDOWS\System32\msvcrt.dll
0x00007ff8deba0000 - 0x00007ff8decb8000 	C:\WINDOWS\System32\gdi32full.dll
0x00007ff8deb00000 - 0x00007ff8deb9a000 	C:\WINDOWS\System32\msvcp_win.dll
0x00007ff8da9b0000 - 0x00007ff8da9cb000 	C:\Program Files\Android\Android Studio\jbr\bin\VCRUNTIME140.dll
0x00007ff8e0d80000 - 0x00007ff8e0db1000 	C:\WINDOWS\System32\IMM32.DLL
0x00007ff8da9d0000 - 0x00007ff8da9dc000 	C:\Program Files\Android\Android Studio\jbr\bin\vcruntime140_1.dll
0x00007ff8cd710000 - 0x00007ff8cd79d000 	C:\Program Files\Android\Android Studio\jbr\bin\msvcp140.dll
0x00007ff884010000 - 0x00007ff884c8d000 	C:\Program Files\Android\Android Studio\jbr\bin\server\jvm.dll
0x00007ff8e0a30000 - 0x00007ff8e0ae2000 	C:\WINDOWS\System32\ADVAPI32.dll
0x00007ff8e1180000 - 0x00007ff8e1228000 	C:\WINDOWS\System32\sechost.dll
0x00007ff8dee90000 - 0x00007ff8deeb8000 	C:\WINDOWS\System32\bcrypt.dll
0x00007ff8e0070000 - 0x00007ff8e0184000 	C:\WINDOWS\System32\RPCRT4.dll
0x00007ff8df3c0000 - 0x00007ff8df431000 	C:\WINDOWS\System32\WS2_32.dll
0x00007ff8dd790000 - 0x00007ff8dd7dd000 	C:\WINDOWS\SYSTEM32\POWRPROF.dll
0x00007ff8d5cb0000 - 0x00007ff8d5cba000 	C:\WINDOWS\SYSTEM32\VERSION.dll
0x00007ff8d80b0000 - 0x00007ff8d80e4000 	C:\WINDOWS\SYSTEM32\WINMM.dll
0x00007ff8dd770000 - 0x00007ff8dd783000 	C:\WINDOWS\SYSTEM32\UMPDC.dll
0x00007ff8dda20000 - 0x00007ff8dda38000 	C:\WINDOWS\SYSTEM32\kernel.appcore.dll
0x00007ff8da6f0000 - 0x00007ff8da6fa000 	C:\Program Files\Android\Android Studio\jbr\bin\jimage.dll
0x00007ff8dc140000 - 0x00007ff8dc372000 	C:\WINDOWS\SYSTEM32\DBGHELP.DLL
0x00007ff8e1230000 - 0x00007ff8e15be000 	C:\WINDOWS\System32\combase.dll
0x00007ff8e0ec0000 - 0x00007ff8e0f97000 	C:\WINDOWS\System32\OLEAUT32.dll
0x00007ff8d4810000 - 0x00007ff8d4842000 	C:\WINDOWS\SYSTEM32\dbgcore.DLL
0x00007ff8dee10000 - 0x00007ff8dee8b000 	C:\WINDOWS\System32\bcryptPrimitives.dll
0x00007ff8d8050000 - 0x00007ff8d806f000 	C:\Program Files\Android\Android Studio\jbr\bin\java.dll

dbghelp: loaded successfully - version: 4.0.5 - missing functions: none
symbol engine: initialized successfully - sym options: 0x614 - pdb path: .;C:\Program Files\Android\Android Studio\jbr\bin;C:\WINDOWS\SYSTEM32;C:\Program Files\Avast Software\Avast;C:\WINDOWS\WinSxS\amd64_microsoft.windows.common-controls_6595b64144ccf1df_6.0.22621.3672_none_2713b9d173822955;C:\Program Files\Android\Android Studio\jbr\bin\server

VM Arguments:
java_command: git4idea.http.GitAskPassApp Username for 'https://github.com': 
java_class_path (initial): C:/Program Files/Android/Android Studio/plugins/vcs-git/lib/git4idea-rt.jar;C:/Program Files/Android/Android Studio/lib/externalProcess-rt.jar
Launcher Type: SUN_STANDARD

[Global flags]
     intx CICompilerCount                          = 12                                        {product} {ergonomic}
     uint ConcGCThreads                            = 3                                         {product} {ergonomic}
     uint G1ConcRefinementThreads                  = 13                                        {product} {ergonomic}
   size_t G1HeapRegionSize                         = 2097152                                   {product} {ergonomic}
    uintx GCDrainStackTargetSize                   = 64                                        {product} {ergonomic}
   size_t InitialHeapSize                          = 264241152                                 {product} {ergonomic}
   size_t MarkStackSize                            = 4194304                                   {product} {ergonomic}
   size_t MaxHeapSize                              = 4196401152                                {product} {ergonomic}
   size_t MinHeapDeltaBytes                        = 2097152                                   {product} {ergonomic}
   size_t MinHeapSize                              = 8388608                                   {product} {ergonomic}
    uintx NonNMethodCodeHeapSize                   = 7602480                                {pd product} {ergonomic}
    uintx NonProfiledCodeHeapSize                  = 122027880                              {pd product} {ergonomic}
    uintx ProfiledCodeHeapSize                     = 122027880                              {pd product} {ergonomic}
    uintx ReservedCodeCacheSize                    = 251658240                              {pd product} {ergonomic}
     bool SegmentedCodeCache                       = true                                      {product} {ergonomic}
   size_t SoftMaxHeapSize                          = 4196401152                             {manageable} {ergonomic}
     bool UseCompressedOops                        = true                           {product lp64_product} {ergonomic}
     bool UseG1GC                                  = true                                      {product} {ergonomic}
     bool UseLargePagesIndividualAllocation        = false                                  {pd product} {ergonomic}

Logging:
Log output configuration:
 #0: stdout all=warning uptime,level,tags foldmultilines=false
 #1: stderr all=off uptime,level,tags foldmultilines=false

Environment Variables:
PATH=C:\Program Files\Git\mingw64\libexec\git-core;C:\Program Files\Git\mingw64\libexec\git-core;C:\Program Files\Git\mingw64\bin;C:\Program Files\Git\usr\bin;C:\Users\Rick\bin;C:\Program Files (x86)\Common Files\Oracle\Java\java8path;C:\Program Files (x86)\Common Files\Oracle\Java\javapath;C:\WINDOWS\system32;C:\WINDOWS;C:\WINDOWS\System32\Wbem;C:\WINDOWS\System32\WindowsPowerShell\v1.0;C:\WINDOWS\System32\OpenSSH;C:\Program Files\dotnet;C:\Program Files\Microsoft SQL Server\Client SDK\ODBC\130\Tools\Binn;C:\Program Files\Azure Data Studio\bin;C:\Program Files\Microsoft SQL Server\Client SDK\ODBC\170\Tools\Binn;C:\Program Files (x86)\Microsoft SQL Server\160\Tools\Binn;C:\Program Files\Microsoft SQL Server\160\Tools\Binn;C:\Program Files\Microsoft SQL Server\160\DTS\Binn;C:\Program Files (x86)\Microsoft SQL Server\150\DTS\Binn;C:\Program Files\nodejs;C:\Program Files\Microsoft SQL Server\150\Tools\Binn;C:\Program Files (x86)\NVIDIA Corporation\PhysX\Common;C:\Program Files\NVIDIA Corporation\NVIDIA NvDLISR;C:\Program Files\Docker\Docker\resources\bin;C:\Program Files\Git\cmd;C:\Users\Rick\AppData\Local\Microsoft\WindowsApps;C:\Users\Rick\.dotnet\tools;C:\Users\Rick\AppData\Local\Programs\Microsoft VS Code\bin;C:\Users\Rick\AppData\Roaming\npm;C:\Program Files\JetBrains\IntelliJ IDEA 2024.2\bin
USERNAME=Rick
DISPLAY=:0.0
LC_ALL=en_US.UTF-8
TERM=xterm-256color
TMPDIR=C:\Users\Rick\AppData\Local\Temp
OS=Windows_NT
PROCESSOR_IDENTIFIER=Intel64 Family 6 Model 154 Stepping 3, GenuineIntel
TMP=C:\Users\Rick\AppData\Local\Temp
TEMP=C:\Users\Rick\AppData\Local\Temp




Periodic native trim disabled

JNI global refs:
JNI global refs: 0, weak refs: 0

JNI global refs memory usage: 0, weak refs: 0

Process memory usage:
Resident Set Size: 12840K (0% of 16389360K total physical memory with 552328K free physical memory)

OOME stack traces (most recent first):
Classloader memory used:

---------------  S Y S T E M  ---------------

OS:
 Windows 11 , 64 bit Build 22621 (10.0.22621.3958)
OS uptime: 10 days 20:08 hours
Hyper-V role detected

CPU: total 16 (initial active 16) (8 cores per cpu, 2 threads per core) family 6 model 154 stepping 3 microcode 0x41c, cx8, cmov, fxsr, ht, mmx, 3dnowpref, sse, sse2, sse3, ssse3, sse4.1, sse4.2, popcnt, lzcnt, tsc, tscinvbit, avx, avx2, aes, erms, clmul, bmi1, bmi2, adx, sha, fma, vzeroupper, clflush, clflushopt, clwb, hv, serialize, rdtscp, rdpid, fsrm, f16c, cet_ibt, cet_ss
Processor Information for processor 0
  Max Mhz: 2500, Current Mhz: 2500, Mhz Limit: 2500
Processor Information for processor 1
  Max Mhz: 2500, Current Mhz: 2500, Mhz Limit: 2500
Processor Information for processor 2
  Max Mhz: 2500, Current Mhz: 2500, Mhz Limit: 2500
Processor Information for processor 3
  Max Mhz: 2500, Current Mhz: 2500, Mhz Limit: 2500
Processor Information for processor 4
  Max Mhz: 2500, Current Mhz: 2500, Mhz Limit: 2500
Processor Information for processor 5
  Max Mhz: 2500, Current Mhz: 2500, Mhz Limit: 2500
Processor Information for processor 6
  Max Mhz: 2500, Current Mhz: 2500, Mhz Limit: 2500
Processor Information for processor 7
  Max Mhz: 2500, Current Mhz: 2500, Mhz Limit: 2500
Processor Information for processor 8
  Max Mhz: 2500, Current Mhz: 1800, Mhz Limit: 1800
Processor Information for processor 9
  Max Mhz: 2500, Current Mhz: 1800, Mhz Limit: 1800
Processor Information for processor 10
  Max Mhz: 2500, Current Mhz: 1800, Mhz Limit: 1800
Processor Information for processor 11
  Max Mhz: 2500, Current Mhz: 1800, Mhz Limit: 1800
Processor Information for processor 12
  Max Mhz: 2500, Current Mhz: 1800, Mhz Limit: 1800
Processor Information for processor 13
  Max Mhz: 2500, Current Mhz: 1800, Mhz Limit: 1800
Processor Information for processor 14
  Max Mhz: 2500, Current Mhz: 1800, Mhz Limit: 1800
Processor Information for processor 15
  Max Mhz: 2500, Current Mhz: 1800, Mhz Limit: 1800

Memory: 4k page, system-wide physical 16005M (539M free)
TotalPageFile size 65157M (AvailPageFile size 125M)
current process WorkingSet (physical memory assigned to process): 12M, peak: 12M
current process commit charge ("private bytes"): 71M, peak: 322M

vm_info: OpenJDK 64-Bit Server VM (21.0.3+-12282718-b509.11) for windows-amd64 JRE (21.0.3+-12282718-b509.11), built on 2024-08-27T17:34:15Z by "builder" with MS VC++ 16.10 / 16.11 (VS2019)

END.
